<?xml version="1.0" encoding="UTF-8"?>
<!-- Generated by org.testng.reporters.JUnitReportReporter -->
<testsuite skipped="0" hostname="JAIPRASHANTH" name="google.Opengoogle" tests="1" failures="0" timestamp="2020-04-19T22:22:49 IST" time="26.965" errors="0">
  <testcase name="opengoogle" time="26.965" classname="google.Opengoogle"/>
</testsuite> <!-- google.Opengoogle -->
