<?xml version="1.0" encoding="UTF-8"?>
<!-- Generated by org.testng.reporters.JUnitReportReporter -->
<testsuite skipped="0" hostname="JAIPRASHANTH" name="google.Opengoogle" tests="1" failures="0" timestamp="20 Apr 2020 04:15:29 GMT" time="72.330" errors="0">
  <testcase name="opengoogle" time="72.330" classname="google.Opengoogle"/>
</testsuite> <!-- google.Opengoogle -->
